nohup: ignoring input
Error 111 connecting to 127.0.0.1:6379. Connection refused.
Traceback (most recent call last):
  File "/home/ubuntu/.local/lib/python3.13/site-packages/redis/connection.py", line 385, in connect_check_health
    sock = self.retry.call_with_retry(
        lambda: self._connect(), lambda error: self.disconnect(error)
    )
  File "/home/ubuntu/.local/lib/python3.13/site-packages/redis/retry.py", line 87, in call_with_retry
    return do()
  File "/home/ubuntu/.local/lib/python3.13/site-packages/redis/connection.py", line 386, in <lambda>
    lambda: self._connect(), lambda error: self.disconnect(error)
            ~~~~~~~~~~~~~^^
  File "/home/ubuntu/.local/lib/python3.13/site-packages/redis/connection.py", line 797, in _connect
    raise err
  File "/home/ubuntu/.local/lib/python3.13/site-packages/redis/connection.py", line 781, in _connect
    sock.connect(socket_address)
    ~~~~~~~~~~~~^^^^^^^^^^^^^^^^
ConnectionRefusedError: [Errno 111] Connection refused

During handling of the above exception, another exception occurred:

Traceback (most recent call last):
  File "/home/ubuntu/.local/lib/python3.13/site-packages/pyrogram/dispatcher.py", line 240, in handler_worker
    await handler.callback(self.client, *args)
  File "/home/ubuntu/.local/lib/python3.13/site-packages/pyromod/listen/listen.py", line 93, in resolve_listener
    await self.user_callback(client, message, *args)
  File "/workspace/CASERr/CASERr.py", line 1403, in forbroacasts
    if r.get(f"{m.from_user.id}broadcast{m.chat.id}{bot_id}"):
       ~~~~~^^^^^^^^^^^^^^^^^^^^^^^^^^^^^^^^^^^^^^^^^^^^^^^^^
  File "/home/ubuntu/.local/lib/python3.13/site-packages/redis/commands/core.py", line 1829, in get
    return self.execute_command("GET", name, keys=[name])
           ~~~~~~~~~~~~~~~~~~~~^^^^^^^^^^^^^^^^^^^^^^^^^^
  File "/home/ubuntu/.local/lib/python3.13/site-packages/redis/client.py", line 623, in execute_command
    return self._execute_command(*args, **options)
           ~~~~~~~~~~~~~~~~~~~~~^^^^^^^^^^^^^^^^^^
  File "/home/ubuntu/.local/lib/python3.13/site-packages/redis/client.py", line 629, in _execute_command
    conn = self.connection or pool.get_connection()
                              ~~~~~~~~~~~~~~~~~~~^^
  File "/home/ubuntu/.local/lib/python3.13/site-packages/redis/utils.py", line 191, in wrapper
    return func(*args, **kwargs)
  File "/home/ubuntu/.local/lib/python3.13/site-packages/redis/connection.py", line 1530, in get_connection
    connection.connect()
    ~~~~~~~~~~~~~~~~~~^^
  File "/home/ubuntu/.local/lib/python3.13/site-packages/redis/connection.py", line 379, in connect
    self.connect_check_health(check_health=True)
    ~~~~~~~~~~~~~~~~~~~~~~~~~^^^^^^^^^^^^^^^^^^^
  File "/home/ubuntu/.local/lib/python3.13/site-packages/redis/connection.py", line 391, in connect_check_health
    raise ConnectionError(self._error_message(e))
redis.exceptions.ConnectionError: Error 111 connecting to 127.0.0.1:6379. Connection refused.
Error 111 connecting to 127.0.0.1:6379. Connection refused.
Traceback (most recent call last):
  File "/home/ubuntu/.local/lib/python3.13/site-packages/redis/connection.py", line 385, in connect_check_health
    sock = self.retry.call_with_retry(
        lambda: self._connect(), lambda error: self.disconnect(error)
    )
  File "/home/ubuntu/.local/lib/python3.13/site-packages/redis/retry.py", line 87, in call_with_retry
    return do()
  File "/home/ubuntu/.local/lib/python3.13/site-packages/redis/connection.py", line 386, in <lambda>
    lambda: self._connect(), lambda error: self.disconnect(error)
            ~~~~~~~~~~~~~^^
  File "/home/ubuntu/.local/lib/python3.13/site-packages/redis/connection.py", line 797, in _connect
    raise err
  File "/home/ubuntu/.local/lib/python3.13/site-packages/redis/connection.py", line 781, in _connect
    sock.connect(socket_address)
    ~~~~~~~~~~~~^^^^^^^^^^^^^^^^
ConnectionRefusedError: [Errno 111] Connection refused

During handling of the above exception, another exception occurred:

Traceback (most recent call last):
  File "/home/ubuntu/.local/lib/python3.13/site-packages/pyrogram/dispatcher.py", line 240, in handler_worker
    await handler.callback(self.client, *args)
  File "/home/ubuntu/.local/lib/python3.13/site-packages/pyromod/listen/listen.py", line 93, in resolve_listener
    await self.user_callback(client, message, *args)
  File "/workspace/CASERr/CASERr.py", line 1472, in twasol2
    if r.get(f'enable_twasol{bot_id}'):
       ~~~~~^^^^^^^^^^^^^^^^^^^^^^^^^^
  File "/home/ubuntu/.local/lib/python3.13/site-packages/redis/commands/core.py", line 1829, in get
    return self.execute_command("GET", name, keys=[name])
           ~~~~~~~~~~~~~~~~~~~~^^^^^^^^^^^^^^^^^^^^^^^^^^
  File "/home/ubuntu/.local/lib/python3.13/site-packages/redis/client.py", line 623, in execute_command
    return self._execute_command(*args, **options)
           ~~~~~~~~~~~~~~~~~~~~~^^^^^^^^^^^^^^^^^^
  File "/home/ubuntu/.local/lib/python3.13/site-packages/redis/client.py", line 629, in _execute_command
    conn = self.connection or pool.get_connection()
                              ~~~~~~~~~~~~~~~~~~~^^
  File "/home/ubuntu/.local/lib/python3.13/site-packages/redis/utils.py", line 191, in wrapper
    return func(*args, **kwargs)
  File "/home/ubuntu/.local/lib/python3.13/site-packages/redis/connection.py", line 1530, in get_connection
    connection.connect()
    ~~~~~~~~~~~~~~~~~~^^
  File "/home/ubuntu/.local/lib/python3.13/site-packages/redis/connection.py", line 379, in connect
    self.connect_check_health(check_health=True)
    ~~~~~~~~~~~~~~~~~~~~~~~~~^^^^^^^^^^^^^^^^^^^
  File "/home/ubuntu/.local/lib/python3.13/site-packages/redis/connection.py", line 391, in connect_check_health
    raise ConnectionError(self._error_message(e))
redis.exceptions.ConnectionError: Error 111 connecting to 127.0.0.1:6379. Connection refused.
'<' not supported between instances of 'NoneType' and 'int'
Traceback (most recent call last):
  File "/home/ubuntu/.local/lib/python3.13/site-packages/pyrogram/methods/advanced/resolve_peer.py", line 62, in resolve_peer
    return await self.storage.get_peer_by_id(peer_id)
           ^^^^^^^^^^^^^^^^^^^^^^^^^^^^^^^^^^^^^^^^^^
  File "/home/ubuntu/.local/lib/python3.13/site-packages/pyrogram/storage/sqlite_storage.py", line 142, in get_peer_by_id
    raise KeyError(f"ID not found: {peer_id}")
KeyError: 'ID not found: None'

During handling of the above exception, another exception occurred:

Traceback (most recent call last):
  File "/home/ubuntu/.local/lib/python3.13/site-packages/pyrogram/dispatcher.py", line 240, in handler_worker
    await handler.callback(self.client, *args)
  File "/home/ubuntu/.local/lib/python3.13/site-packages/pyromod/listen/listen.py", line 93, in resolve_listener
    await self.user_callback(client, message, *args)
  File "/workspace/CASERr/CASERr.py", line 746, in fousers
    usr1 = await client.get_chat(OWNER_ID)
           ^^^^^^^^^^^^^^^^^^^^^^^^^^^^^^^
  File "/home/ubuntu/.local/lib/python3.13/site-packages/pyrogram/methods/chats/get_chat.py", line 78, in get_chat
    peer = await self.resolve_peer(chat_id)
           ^^^^^^^^^^^^^^^^^^^^^^^^^^^^^^^^
  File "/home/ubuntu/.local/lib/python3.13/site-packages/pyrogram/methods/advanced/resolve_peer.py", line 89, in resolve_peer
    peer_type = utils.get_peer_type(peer_id)
  File "/home/ubuntu/.local/lib/python3.13/site-packages/pyrogram/utils.py", line 237, in get_peer_type
    if peer_id < 0:
       ^^^^^^^^^^^
TypeError: '<' not supported between instances of 'NoneType' and 'int'
Error 111 connecting to 127.0.0.1:6379. Connection refused.
Traceback (most recent call last):
  File "/home/ubuntu/.local/lib/python3.13/site-packages/redis/connection.py", line 385, in connect_check_health
    sock = self.retry.call_with_retry(
        lambda: self._connect(), lambda error: self.disconnect(error)
    )
  File "/home/ubuntu/.local/lib/python3.13/site-packages/redis/retry.py", line 87, in call_with_retry
    return do()
  File "/home/ubuntu/.local/lib/python3.13/site-packages/redis/connection.py", line 386, in <lambda>
    lambda: self._connect(), lambda error: self.disconnect(error)
            ~~~~~~~~~~~~~^^
  File "/home/ubuntu/.local/lib/python3.13/site-packages/redis/connection.py", line 797, in _connect
    raise err
  File "/home/ubuntu/.local/lib/python3.13/site-packages/redis/connection.py", line 781, in _connect
    sock.connect(socket_address)
    ~~~~~~~~~~~~^^^^^^^^^^^^^^^^
ConnectionRefusedError: [Errno 111] Connection refused

During handling of the above exception, another exception occurred:

Traceback (most recent call last):
  File "/home/ubuntu/.local/lib/python3.13/site-packages/pyrogram/dispatcher.py", line 240, in handler_worker
    await handler.callback(self.client, *args)
  File "/home/ubuntu/.local/lib/python3.13/site-packages/pyromod/listen/listen.py", line 93, in resolve_listener
    await self.user_callback(client, message, *args)
  File "/workspace/CASERr/CASERr.py", line 1403, in forbroacasts
    if r.get(f"{m.from_user.id}broadcast{m.chat.id}{bot_id}"):
       ~~~~~^^^^^^^^^^^^^^^^^^^^^^^^^^^^^^^^^^^^^^^^^^^^^^^^^
  File "/home/ubuntu/.local/lib/python3.13/site-packages/redis/commands/core.py", line 1829, in get
    return self.execute_command("GET", name, keys=[name])
           ~~~~~~~~~~~~~~~~~~~~^^^^^^^^^^^^^^^^^^^^^^^^^^
  File "/home/ubuntu/.local/lib/python3.13/site-packages/redis/client.py", line 623, in execute_command
    return self._execute_command(*args, **options)
           ~~~~~~~~~~~~~~~~~~~~~^^^^^^^^^^^^^^^^^^
  File "/home/ubuntu/.local/lib/python3.13/site-packages/redis/client.py", line 629, in _execute_command
    conn = self.connection or pool.get_connection()
                              ~~~~~~~~~~~~~~~~~~~^^
  File "/home/ubuntu/.local/lib/python3.13/site-packages/redis/utils.py", line 191, in wrapper
    return func(*args, **kwargs)
  File "/home/ubuntu/.local/lib/python3.13/site-packages/redis/connection.py", line 1530, in get_connection
    connection.connect()
    ~~~~~~~~~~~~~~~~~~^^
  File "/home/ubuntu/.local/lib/python3.13/site-packages/redis/connection.py", line 379, in connect
    self.connect_check_health(check_health=True)
    ~~~~~~~~~~~~~~~~~~~~~~~~~^^^^^^^^^^^^^^^^^^^
  File "/home/ubuntu/.local/lib/python3.13/site-packages/redis/connection.py", line 391, in connect_check_health
    raise ConnectionError(self._error_message(e))
redis.exceptions.ConnectionError: Error 111 connecting to 127.0.0.1:6379. Connection refused.
Error 111 connecting to 127.0.0.1:6379. Connection refused.
Traceback (most recent call last):
  File "/home/ubuntu/.local/lib/python3.13/site-packages/redis/connection.py", line 385, in connect_check_health
    sock = self.retry.call_with_retry(
        lambda: self._connect(), lambda error: self.disconnect(error)
    )
  File "/home/ubuntu/.local/lib/python3.13/site-packages/redis/retry.py", line 87, in call_with_retry
    return do()
  File "/home/ubuntu/.local/lib/python3.13/site-packages/redis/connection.py", line 386, in <lambda>
    lambda: self._connect(), lambda error: self.disconnect(error)
            ~~~~~~~~~~~~~^^
  File "/home/ubuntu/.local/lib/python3.13/site-packages/redis/connection.py", line 797, in _connect
    raise err
  File "/home/ubuntu/.local/lib/python3.13/site-packages/redis/connection.py", line 781, in _connect
    sock.connect(socket_address)
    ~~~~~~~~~~~~^^^^^^^^^^^^^^^^
ConnectionRefusedError: [Errno 111] Connection refused

During handling of the above exception, another exception occurred:

Traceback (most recent call last):
  File "/home/ubuntu/.local/lib/python3.13/site-packages/pyrogram/dispatcher.py", line 240, in handler_worker
    await handler.callback(self.client, *args)
  File "/home/ubuntu/.local/lib/python3.13/site-packages/pyromod/listen/listen.py", line 93, in resolve_listener
    await self.user_callback(client, message, *args)
  File "/workspace/CASERr/CASERr.py", line 1472, in twasol2
    if r.get(f'enable_twasol{bot_id}'):
       ~~~~~^^^^^^^^^^^^^^^^^^^^^^^^^^
  File "/home/ubuntu/.local/lib/python3.13/site-packages/redis/commands/core.py", line 1829, in get
    return self.execute_command("GET", name, keys=[name])
           ~~~~~~~~~~~~~~~~~~~~^^^^^^^^^^^^^^^^^^^^^^^^^^
  File "/home/ubuntu/.local/lib/python3.13/site-packages/redis/client.py", line 623, in execute_command
    return self._execute_command(*args, **options)
           ~~~~~~~~~~~~~~~~~~~~~^^^^^^^^^^^^^^^^^^
  File "/home/ubuntu/.local/lib/python3.13/site-packages/redis/client.py", line 629, in _execute_command
    conn = self.connection or pool.get_connection()
                              ~~~~~~~~~~~~~~~~~~~^^
  File "/home/ubuntu/.local/lib/python3.13/site-packages/redis/utils.py", line 191, in wrapper
    return func(*args, **kwargs)
  File "/home/ubuntu/.local/lib/python3.13/site-packages/redis/connection.py", line 1530, in get_connection
    connection.connect()
    ~~~~~~~~~~~~~~~~~~^^
  File "/home/ubuntu/.local/lib/python3.13/site-packages/redis/connection.py", line 379, in connect
    self.connect_check_health(check_health=True)
    ~~~~~~~~~~~~~~~~~~~~~~~~~^^^^^^^^^^^^^^^^^^^
  File "/home/ubuntu/.local/lib/python3.13/site-packages/redis/connection.py", line 391, in connect_check_health
    raise ConnectionError(self._error_message(e))
redis.exceptions.ConnectionError: Error 111 connecting to 127.0.0.1:6379. Connection refused.
ERROR: [youtube] 6Q8e8tmKWMI: Sign in to confirm youâ€™re not a bot. Use --cookies-from-browser or --cookies for the authentication. See  https://github.com/yt-dlp/yt-dlp/wiki/FAQ#how-do-i-pass-cookies-to-yt-dlp  for how to manually pass cookies. Also see  https://github.com/yt-dlp/yt-dlp/wiki/Extractors#exporting-youtube-cookies  for tips on effectively exporting YouTube cookies
ERROR: [youtube] 6Q8e8tmKWMI: Sign in to confirm youâ€™re not a bot. Use --cookies-from-browser or --cookies for the authentication. See  https://github.com/yt-dlp/yt-dlp/wiki/FAQ#how-do-i-pass-cookies-to-yt-dlp  for how to manually pass cookies. Also see  https://github.com/yt-dlp/yt-dlp/wiki/Extractors#exporting-youtube-cookies  for tips on effectively exporting YouTube cookies
ØªÙ… ØªØ´ØºÙŠÙ„ Ø§Ù„ØµØ§Ù†Ø¹ Ø¨Ù†Ø¬Ø§Ø­..ğŸ’—
ğŸ”„ Ø¬Ø§Ø±ÙŠ ØªØ­Ù…ÙŠÙ„ Ù†Ø¸Ø§Ù… CASERr...
âœ… ØªÙ… Ø§Ù„Ø¹Ø«ÙˆØ± Ø¹Ù„Ù‰ 12 Ù…Ù„Ù ÙƒÙˆÙƒÙŠØ² ØµØ§Ù„Ø­
ğŸš€ ØªÙ… ØªØ­Ù…ÙŠÙ„ Ù…Ø¯ÙŠØ± ØªØ­Ù…ÙŠÙ„ ÙŠÙˆØªÙŠÙˆØ¨ Ø§Ù„Ù…Ø·ÙˆØ± Ø¨Ù†Ø¬Ø§Ø­!
ğŸ“Š Ø§Ù„Ø¥Ø¹Ø¯Ø§Ø¯Ø§Øª Ø§Ù„Ø­Ø§Ù„ÙŠØ©:
   ğŸª Ù…Ù„ÙØ§Øª Ø§Ù„ÙƒÙˆÙƒÙŠØ²: 12
   â¬‡ï¸ Ø§Ù„ØªØ­Ù…ÙŠÙ„Ø§Øª Ø§Ù„Ù…ØªØ²Ø§Ù…Ù†Ø©: 10000 (Ù„Ø§ Ù…Ø­Ø¯ÙˆØ¯ Ø¹Ù…Ù„ÙŠØ§Ù‹)
   ğŸ” ÙƒØ§Ø´ Ø§Ù„Ø¨Ø­Ø«: 10000 Ø¹Ù†ØµØ±
   ğŸ’¾ ÙƒØ§Ø´ Ø§Ù„ØªØ­Ù…ÙŠÙ„: 5000 Ù…Ù„Ù
   â±ï¸ Ù…Ø¹Ø¯Ù„ Ø§Ù„Ø·Ù„Ø¨Ø§Øª: Ø¨Ù„Ø§ Ø­Ø¯ÙˆØ¯
   ğŸ“ Ø­Ø¬Ù… Ø§Ù„Ù…Ù„ÙØ§Øª: Ø¨Ù„Ø§ Ø­Ø¯ÙˆØ¯
   ğŸ“ Ø·ÙˆÙ„ Ø§Ù„Ù†ØµÙˆØµ: Ø¨Ù„Ø§ Ø­Ø¯ÙˆØ¯
   ğŸ” Ù†Ø¸Ø§Ù… Ù…Ù†Ø¹ Ø§Ù„ØªÙƒØ±Ø§Ø± Ø§Ù„Ù…ØªÙ‚Ø¯Ù…: Ù…ÙØ¹Ù„
   ğŸ“‹ ØªØªØ¨Ø¹ Ø§Ù„Ø·Ù„Ø¨Ø§Øª Ø§Ù„Ø°ÙƒÙŠ: Ù…ÙØ¹Ù„
   ğŸ“ Ù†Ø¸Ø§Ù… Ø§Ù„ÙƒØ§Ø´ Ø§Ù„Ù…ØªÙ‚Ø¯Ù…: Ù…ÙØ¹Ù„
   ğŸš« Ø¥Ù„ØºØ§Ø¡ Ø§Ù„Ø·Ù„Ø¨Ø§Øª Ø§Ù„Ù…ØªØ¯Ø§Ø®Ù„Ø©: Ù…ÙØ¹Ù„
   ğŸ”„ Ø§Ù„ØªÙ†Ø¸ÙŠÙ Ø§Ù„ØªÙ„Ù‚Ø§Ø¦ÙŠ: ÙƒÙ„ Ø³Ø§Ø¹Ø©
   ğŸš€ ÙˆØ¶Ø¹ Ø§Ù„Ø£Ø¯Ø§Ø¡ Ø§Ù„Ø¹Ø§Ù„ÙŠ: Ù…ÙØ¹Ù„ (Ø¨Ù„Ø§ Ù‚ÙŠÙˆØ¯)
==================================================
âœ… ØªÙ… ØªØ­Ù…ÙŠÙ„ Ù†Ø¸Ø§Ù… Ø§Ù„ØªØ´ØºÙŠÙ„ Ø§Ù„Ø°ÙƒÙŠ Ø§Ù„Ù…Ø­Ø³Ù† Ø¨Ù†Ø¬Ø§Ø­!
âœ… ØªÙ… ØªØ­Ù…ÙŠÙ„ Ù†Ø¸Ø§Ù… CASERr Ø¨Ù†Ø¬Ø§Ø­!
ğŸ”„ Ø¬Ø§Ø±ÙŠ ØªØ­Ù…ÙŠÙ„ Ù†Ø¸Ø§Ù… CASERr...
âœ… ØªÙ… ØªØ­Ù…ÙŠÙ„ Ù†Ø¸Ø§Ù… CASERr Ø¨Ù†Ø¬Ø§Ø­!
âœ… ØªÙ… ØªØ´ØºÙŠÙ„ Ø§Ù„ØªÙ†Ø¸ÙŠÙ Ø§Ù„Ø¯ÙˆØ±ÙŠ Ø¨Ù†Ø¬Ø§Ø­
ğŸ”„ Ø·Ù„Ø¨ b145ab78a30e: searching_cache
ğŸ”„ Ø·Ù„Ø¨ b145ab78a30e: searching_youtube
ğŸ”„ Ø·Ù„Ø¨ b145ab78a30e: search_completed
ğŸ”„ Ø·Ù„Ø¨ b145ab78a30e: checking_download_cache
ğŸ”„ Ø·Ù„Ø¨ b145ab78a30e: preparing_download
ğŸ”„ ÙƒÙˆÙƒÙŠØ² Ù…ÙˆØ²Ø¹ Ù„Ù„Ù…Ø³ØªØ®Ø¯Ù… 985612253: cookies3.txt
ğŸ”„ Ø·Ù„Ø¨ b145ab78a30e: downloading_thumbnail
ğŸ”„ Ø·Ù„Ø¨ b145ab78a30e: downloading_audio
âŒ Ø®Ø·Ø£ ÙÙŠ Ø§Ù„ØªØ­Ù…ÙŠÙ„ Ù„Ù„Ù…Ø³ØªØ®Ø¯Ù… 985612253: 'NoneType' object has no attribute 'setdefault'
âš ï¸ Ø®Ø·Ø£ ÙÙŠ Ø§Ù„ÙƒÙˆÙƒÙŠØ² cookies3.txt (Ø¥Ø¬Ù…Ø§Ù„ÙŠ Ø§Ù„Ø£Ø®Ø·Ø§Ø¡: 1)
âŒ Ø·Ù„Ø¨ b145ab78a30e Ø§ÙƒØªÙ…Ù„ Ø¹Ø¨Ø±: error: 'NoneType' object has no attribute 'setdefault'
ğŸ”„ Ø·Ù„Ø¨ 2f661f893f45: searching_cache
ğŸ“‹ Ø§Ø³ØªØ®Ø¯Ø§Ù… Ù†ØªÙŠØ¬Ø© Ù…Ø­ÙÙˆØ¸Ø© Ù„Ù„Ø¨Ø­Ø«: Ø§Ø­Ø¨Ùƒ...
ğŸ”„ Ø·Ù„Ø¨ 2f661f893f45: found_in_search_cache
ğŸ”„ Ø·Ù„Ø¨ 2f661f893f45: checking_download_cache
ğŸ”„ Ø·Ù„Ø¨ 2f661f893f45: preparing_download
ğŸ”„ ÙƒÙˆÙƒÙŠØ² Ù…ÙˆØ²Ø¹ Ù„Ù„Ù…Ø³ØªØ®Ø¯Ù… 985612253: cookies3.txt
ğŸ”„ Ø·Ù„Ø¨ 2f661f893f45: downloading_thumbnail
ğŸ”„ Ø·Ù„Ø¨ 2f661f893f45: downloading_audio
âŒ Ø®Ø·Ø£ ÙÙŠ Ø§Ù„ØªØ­Ù…ÙŠÙ„ Ù„Ù„Ù…Ø³ØªØ®Ø¯Ù… 985612253: 'NoneType' object has no attribute 'setdefault'
âš ï¸ Ø®Ø·Ø£ ÙÙŠ Ø§Ù„ÙƒÙˆÙƒÙŠØ² cookies3.txt (Ø¥Ø¬Ù…Ø§Ù„ÙŠ Ø§Ù„Ø£Ø®Ø·Ø§Ø¡: 2)
âŒ Ø·Ù„Ø¨ 2f661f893f45 Ø§ÙƒØªÙ…Ù„ Ø¹Ø¨Ø±: error: 'NoneType' object has no attribute 'setdefault'
